[0.157s] DEBUG:colcon:Command line arguments: ['/usr/bin/colcon', 'build', '--symlink-install']
[0.157s] DEBUG:colcon:Parsed command line arguments: Namespace(log_base=None, log_level=None, verb_name='build', build_base='build', install_base='install', merge_install=False, symlink_install=True, test_result_base=None, continue_on_error=False, executor='parallel', parallel_workers=4, event_handlers=None, ignore_user_meta=False, metas=['./colcon.meta'], base_paths=['.'], packages_ignore=None, packages_ignore_regex=None, paths=None, packages_up_to=None, packages_up_to_regex=None, packages_above=None, packages_above_and_dependencies=None, packages_above_depth=None, packages_select_by_dep=None, packages_skip_by_dep=None, packages_skip_up_to=None, packages_select_build_failed=False, packages_skip_build_finished=False, packages_select_test_failures=False, packages_skip_test_passed=False, packages_select=None, packages_skip=None, packages_select_regex=None, packages_skip_regex=None, packages_start=None, packages_end=None, allow_overriding=[], cmake_args=None, cmake_target=None, cmake_target_skip_unavailable=False, cmake_clean_cache=False, cmake_clean_first=False, cmake_force_configure=False, ament_cmake_args=None, catkin_cmake_args=None, catkin_skip_building_tests=False, verb_parser=<colcon_defaults.argument_parser.defaults.DefaultArgumentsDecorator object at 0xffffb3ca52b0>, verb_extension=<colcon_core.verb.build.BuildVerb object at 0xffffb3e55a30>, main=<bound method BuildVerb.main of <colcon_core.verb.build.BuildVerb object at 0xffffb3e55a30>>)
[0.218s] Level 1:colcon.colcon_core.package_discovery:discover_packages(colcon_meta) check parameters
[0.218s] Level 1:colcon.colcon_core.package_discovery:discover_packages(recursive) check parameters
[0.218s] Level 1:colcon.colcon_core.package_discovery:discover_packages(ignore) check parameters
[0.218s] Level 1:colcon.colcon_core.package_discovery:discover_packages(path) check parameters
[0.218s] Level 1:colcon.colcon_core.package_discovery:discover_packages(colcon_meta) discover
[0.218s] Level 1:colcon.colcon_core.package_discovery:discover_packages(recursive) discover
[0.218s] INFO:colcon.colcon_core.package_discovery:Crawling recursively for packages in '/home/admin/tai_robot_one'
[0.218s] Level 1:colcon.colcon_core.package_identification:_identify(.) by extensions ['ignore', 'ignore_ament_install']
[0.218s] Level 1:colcon.colcon_core.package_identification:_identify(.) by extension 'ignore'
[0.219s] Level 1:colcon.colcon_core.package_identification:_identify(.) by extension 'ignore_ament_install'
[0.219s] Level 1:colcon.colcon_core.package_identification:_identify(.) by extensions ['colcon_pkg']
[0.219s] Level 1:colcon.colcon_core.package_identification:_identify(.) by extension 'colcon_pkg'
[0.219s] Level 1:colcon.colcon_core.package_identification:_identify(.) by extensions ['colcon_meta']
[0.219s] Level 1:colcon.colcon_core.package_identification:_identify(.) by extension 'colcon_meta'
[0.219s] Level 1:colcon.colcon_core.package_identification:_identify(.) by extensions ['ros']
[0.219s] Level 1:colcon.colcon_core.package_identification:_identify(.) by extension 'ros'
[0.255s] Level 1:colcon.colcon_core.package_identification:_identify(.) by extensions ['cmake', 'python']
[0.255s] Level 1:colcon.colcon_core.package_identification:_identify(.) by extension 'cmake'
[0.255s] Level 1:colcon.colcon_core.package_identification:_identify(.) by extension 'python'
[0.255s] Level 1:colcon.colcon_core.package_identification:_identify(.) by extensions ['python_setup_py']
[0.255s] Level 1:colcon.colcon_core.package_identification:_identify(.) by extension 'python_setup_py'
[0.256s] Level 1:colcon.colcon_core.package_identification:_identify(build) by extensions ['ignore', 'ignore_ament_install']
[0.256s] Level 1:colcon.colcon_core.package_identification:_identify(build) by extension 'ignore'
[0.256s] Level 1:colcon.colcon_core.package_identification:_identify(build) ignored
[0.256s] Level 1:colcon.colcon_core.package_identification:_identify(esp32_firmware) by extensions ['ignore', 'ignore_ament_install']
[0.256s] Level 1:colcon.colcon_core.package_identification:_identify(esp32_firmware) by extension 'ignore'
[0.256s] Level 1:colcon.colcon_core.package_identification:_identify(esp32_firmware) by extension 'ignore_ament_install'
[0.256s] Level 1:colcon.colcon_core.package_identification:_identify(esp32_firmware) by extensions ['colcon_pkg']
[0.256s] Level 1:colcon.colcon_core.package_identification:_identify(esp32_firmware) by extension 'colcon_pkg'
[0.256s] Level 1:colcon.colcon_core.package_identification:_identify(esp32_firmware) by extensions ['colcon_meta']
[0.256s] Level 1:colcon.colcon_core.package_identification:_identify(esp32_firmware) by extension 'colcon_meta'
[0.256s] Level 1:colcon.colcon_core.package_identification:_identify(esp32_firmware) by extensions ['ros']
[0.256s] Level 1:colcon.colcon_core.package_identification:_identify(esp32_firmware) by extension 'ros'
[0.257s] Level 1:colcon.colcon_core.package_identification:_identify(esp32_firmware) by extensions ['cmake', 'python']
[0.257s] Level 1:colcon.colcon_core.package_identification:_identify(esp32_firmware) by extension 'cmake'
[0.257s] Level 1:colcon.colcon_core.package_identification:_identify(esp32_firmware) by extension 'python'
[0.257s] Level 1:colcon.colcon_core.package_identification:_identify(esp32_firmware) by extensions ['python_setup_py']
[0.257s] Level 1:colcon.colcon_core.package_identification:_identify(esp32_firmware) by extension 'python_setup_py'
[0.257s] Level 1:colcon.colcon_core.package_identification:_identify(esp32_firmware/Projects) by extensions ['ignore', 'ignore_ament_install']
[0.257s] Level 1:colcon.colcon_core.package_identification:_identify(esp32_firmware/Projects) by extension 'ignore'
[0.257s] Level 1:colcon.colcon_core.package_identification:_identify(esp32_firmware/Projects) by extension 'ignore_ament_install'
[0.257s] Level 1:colcon.colcon_core.package_identification:_identify(esp32_firmware/Projects) by extensions ['colcon_pkg']
[0.257s] Level 1:colcon.colcon_core.package_identification:_identify(esp32_firmware/Projects) by extension 'colcon_pkg'
[0.257s] Level 1:colcon.colcon_core.package_identification:_identify(esp32_firmware/Projects) by extensions ['colcon_meta']
[0.257s] Level 1:colcon.colcon_core.package_identification:_identify(esp32_firmware/Projects) by extension 'colcon_meta'
[0.257s] Level 1:colcon.colcon_core.package_identification:_identify(esp32_firmware/Projects) by extensions ['ros']
[0.257s] Level 1:colcon.colcon_core.package_identification:_identify(esp32_firmware/Projects) by extension 'ros'
[0.257s] Level 1:colcon.colcon_core.package_identification:_identify(esp32_firmware/Projects) by extensions ['cmake', 'python']
[0.257s] Level 1:colcon.colcon_core.package_identification:_identify(esp32_firmware/Projects) by extension 'cmake'
[0.257s] Level 1:colcon.colcon_core.package_identification:_identify(esp32_firmware/Projects) by extension 'python'
[0.257s] Level 1:colcon.colcon_core.package_identification:_identify(esp32_firmware/Projects) by extensions ['python_setup_py']
[0.257s] Level 1:colcon.colcon_core.package_identification:_identify(esp32_firmware/Projects) by extension 'python_setup_py'
[0.258s] Level 1:colcon.colcon_core.package_identification:_identify(esp32_firmware/Projects/amr_firmware) by extensions ['ignore', 'ignore_ament_install']
[0.258s] Level 1:colcon.colcon_core.package_identification:_identify(esp32_firmware/Projects/amr_firmware) by extension 'ignore'
[0.258s] Level 1:colcon.colcon_core.package_identification:_identify(esp32_firmware/Projects/amr_firmware) by extension 'ignore_ament_install'
[0.258s] Level 1:colcon.colcon_core.package_identification:_identify(esp32_firmware/Projects/amr_firmware) by extensions ['colcon_pkg']
[0.258s] Level 1:colcon.colcon_core.package_identification:_identify(esp32_firmware/Projects/amr_firmware) by extension 'colcon_pkg'
[0.258s] Level 1:colcon.colcon_core.package_identification:_identify(esp32_firmware/Projects/amr_firmware) by extensions ['colcon_meta']
[0.258s] Level 1:colcon.colcon_core.package_identification:_identify(esp32_firmware/Projects/amr_firmware) by extension 'colcon_meta'
[0.258s] Level 1:colcon.colcon_core.package_identification:_identify(esp32_firmware/Projects/amr_firmware) by extensions ['ros']
[0.258s] Level 1:colcon.colcon_core.package_identification:_identify(esp32_firmware/Projects/amr_firmware) by extension 'ros'
[0.258s] Level 1:colcon.colcon_core.package_identification:_identify(esp32_firmware/Projects/amr_firmware) by extensions ['cmake', 'python']
[0.258s] Level 1:colcon.colcon_core.package_identification:_identify(esp32_firmware/Projects/amr_firmware) by extension 'cmake'
[0.258s] Level 1:colcon.colcon_core.package_identification:_identify(esp32_firmware/Projects/amr_firmware) by extension 'python'
[0.258s] Level 1:colcon.colcon_core.package_identification:_identify(esp32_firmware/Projects/amr_firmware) by extensions ['python_setup_py']
[0.258s] Level 1:colcon.colcon_core.package_identification:_identify(esp32_firmware/Projects/amr_firmware) by extension 'python_setup_py'
[0.258s] Level 1:colcon.colcon_core.package_identification:_identify(esp32_firmware/Projects/amr_firmware/include) by extensions ['ignore', 'ignore_ament_install']
[0.258s] Level 1:colcon.colcon_core.package_identification:_identify(esp32_firmware/Projects/amr_firmware/include) by extension 'ignore'
[0.258s] Level 1:colcon.colcon_core.package_identification:_identify(esp32_firmware/Projects/amr_firmware/include) by extension 'ignore_ament_install'
[0.259s] Level 1:colcon.colcon_core.package_identification:_identify(esp32_firmware/Projects/amr_firmware/include) by extensions ['colcon_pkg']
[0.259s] Level 1:colcon.colcon_core.package_identification:_identify(esp32_firmware/Projects/amr_firmware/include) by extension 'colcon_pkg'
[0.259s] Level 1:colcon.colcon_core.package_identification:_identify(esp32_firmware/Projects/amr_firmware/include) by extensions ['colcon_meta']
[0.259s] Level 1:colcon.colcon_core.package_identification:_identify(esp32_firmware/Projects/amr_firmware/include) by extension 'colcon_meta'
[0.259s] Level 1:colcon.colcon_core.package_identification:_identify(esp32_firmware/Projects/amr_firmware/include) by extensions ['ros']
[0.259s] Level 1:colcon.colcon_core.package_identification:_identify(esp32_firmware/Projects/amr_firmware/include) by extension 'ros'
[0.259s] Level 1:colcon.colcon_core.package_identification:_identify(esp32_firmware/Projects/amr_firmware/include) by extensions ['cmake', 'python']
[0.259s] Level 1:colcon.colcon_core.package_identification:_identify(esp32_firmware/Projects/amr_firmware/include) by extension 'cmake'
[0.259s] Level 1:colcon.colcon_core.package_identification:_identify(esp32_firmware/Projects/amr_firmware/include) by extension 'python'
[0.259s] Level 1:colcon.colcon_core.package_identification:_identify(esp32_firmware/Projects/amr_firmware/include) by extensions ['python_setup_py']
[0.259s] Level 1:colcon.colcon_core.package_identification:_identify(esp32_firmware/Projects/amr_firmware/include) by extension 'python_setup_py'
[0.259s] Level 1:colcon.colcon_core.package_identification:_identify(esp32_firmware/Projects/amr_firmware/lib) by extensions ['ignore', 'ignore_ament_install']
[0.259s] Level 1:colcon.colcon_core.package_identification:_identify(esp32_firmware/Projects/amr_firmware/lib) by extension 'ignore'
[0.259s] Level 1:colcon.colcon_core.package_identification:_identify(esp32_firmware/Projects/amr_firmware/lib) by extension 'ignore_ament_install'
[0.259s] Level 1:colcon.colcon_core.package_identification:_identify(esp32_firmware/Projects/amr_firmware/lib) by extensions ['colcon_pkg']
[0.259s] Level 1:colcon.colcon_core.package_identification:_identify(esp32_firmware/Projects/amr_firmware/lib) by extension 'colcon_pkg'
[0.259s] Level 1:colcon.colcon_core.package_identification:_identify(esp32_firmware/Projects/amr_firmware/lib) by extensions ['colcon_meta']
[0.259s] Level 1:colcon.colcon_core.package_identification:_identify(esp32_firmware/Projects/amr_firmware/lib) by extension 'colcon_meta'
[0.259s] Level 1:colcon.colcon_core.package_identification:_identify(esp32_firmware/Projects/amr_firmware/lib) by extensions ['ros']
[0.260s] Level 1:colcon.colcon_core.package_identification:_identify(esp32_firmware/Projects/amr_firmware/lib) by extension 'ros'
[0.260s] Level 1:colcon.colcon_core.package_identification:_identify(esp32_firmware/Projects/amr_firmware/lib) by extensions ['cmake', 'python']
[0.260s] Level 1:colcon.colcon_core.package_identification:_identify(esp32_firmware/Projects/amr_firmware/lib) by extension 'cmake'
[0.260s] Level 1:colcon.colcon_core.package_identification:_identify(esp32_firmware/Projects/amr_firmware/lib) by extension 'python'
[0.260s] Level 1:colcon.colcon_core.package_identification:_identify(esp32_firmware/Projects/amr_firmware/lib) by extensions ['python_setup_py']
[0.260s] Level 1:colcon.colcon_core.package_identification:_identify(esp32_firmware/Projects/amr_firmware/lib) by extension 'python_setup_py'
[0.260s] Level 1:colcon.colcon_core.package_identification:_identify(esp32_firmware/Projects/amr_firmware/src) by extensions ['ignore', 'ignore_ament_install']
[0.260s] Level 1:colcon.colcon_core.package_identification:_identify(esp32_firmware/Projects/amr_firmware/src) by extension 'ignore'
[0.260s] Level 1:colcon.colcon_core.package_identification:_identify(esp32_firmware/Projects/amr_firmware/src) by extension 'ignore_ament_install'
[0.260s] Level 1:colcon.colcon_core.package_identification:_identify(esp32_firmware/Projects/amr_firmware/src) by extensions ['colcon_pkg']
[0.260s] Level 1:colcon.colcon_core.package_identification:_identify(esp32_firmware/Projects/amr_firmware/src) by extension 'colcon_pkg'
[0.260s] Level 1:colcon.colcon_core.package_identification:_identify(esp32_firmware/Projects/amr_firmware/src) by extensions ['colcon_meta']
[0.260s] Level 1:colcon.colcon_core.package_identification:_identify(esp32_firmware/Projects/amr_firmware/src) by extension 'colcon_meta'
[0.260s] Level 1:colcon.colcon_core.package_identification:_identify(esp32_firmware/Projects/amr_firmware/src) by extensions ['ros']
[0.260s] Level 1:colcon.colcon_core.package_identification:_identify(esp32_firmware/Projects/amr_firmware/src) by extension 'ros'
[0.260s] Level 1:colcon.colcon_core.package_identification:_identify(esp32_firmware/Projects/amr_firmware/src) by extensions ['cmake', 'python']
[0.260s] Level 1:colcon.colcon_core.package_identification:_identify(esp32_firmware/Projects/amr_firmware/src) by extension 'cmake'
[0.260s] Level 1:colcon.colcon_core.package_identification:_identify(esp32_firmware/Projects/amr_firmware/src) by extension 'python'
[0.261s] Level 1:colcon.colcon_core.package_identification:_identify(esp32_firmware/Projects/amr_firmware/src) by extensions ['python_setup_py']
[0.261s] Level 1:colcon.colcon_core.package_identification:_identify(esp32_firmware/Projects/amr_firmware/src) by extension 'python_setup_py'
[0.261s] Level 1:colcon.colcon_core.package_identification:_identify(esp32_firmware/Projects/amr_firmware/test) by extensions ['ignore', 'ignore_ament_install']
[0.261s] Level 1:colcon.colcon_core.package_identification:_identify(esp32_firmware/Projects/amr_firmware/test) by extension 'ignore'
[0.261s] Level 1:colcon.colcon_core.package_identification:_identify(esp32_firmware/Projects/amr_firmware/test) by extension 'ignore_ament_install'
[0.261s] Level 1:colcon.colcon_core.package_identification:_identify(esp32_firmware/Projects/amr_firmware/test) by extensions ['colcon_pkg']
[0.261s] Level 1:colcon.colcon_core.package_identification:_identify(esp32_firmware/Projects/amr_firmware/test) by extension 'colcon_pkg'
[0.261s] Level 1:colcon.colcon_core.package_identification:_identify(esp32_firmware/Projects/amr_firmware/test) by extensions ['colcon_meta']
[0.261s] Level 1:colcon.colcon_core.package_identification:_identify(esp32_firmware/Projects/amr_firmware/test) by extension 'colcon_meta'
[0.261s] Level 1:colcon.colcon_core.package_identification:_identify(esp32_firmware/Projects/amr_firmware/test) by extensions ['ros']
[0.261s] Level 1:colcon.colcon_core.package_identification:_identify(esp32_firmware/Projects/amr_firmware/test) by extension 'ros'
[0.261s] Level 1:colcon.colcon_core.package_identification:_identify(esp32_firmware/Projects/amr_firmware/test) by extensions ['cmake', 'python']
[0.261s] Level 1:colcon.colcon_core.package_identification:_identify(esp32_firmware/Projects/amr_firmware/test) by extension 'cmake'
[0.261s] Level 1:colcon.colcon_core.package_identification:_identify(esp32_firmware/Projects/amr_firmware/test) by extension 'python'
[0.261s] Level 1:colcon.colcon_core.package_identification:_identify(esp32_firmware/Projects/amr_firmware/test) by extensions ['python_setup_py']
[0.261s] Level 1:colcon.colcon_core.package_identification:_identify(esp32_firmware/Projects/amr_firmware/test) by extension 'python_setup_py'
[0.261s] Level 1:colcon.colcon_core.package_identification:_identify(esp32_firmware/Projects/test) by extensions ['ignore', 'ignore_ament_install']
[0.261s] Level 1:colcon.colcon_core.package_identification:_identify(esp32_firmware/Projects/test) by extension 'ignore'
[0.262s] Level 1:colcon.colcon_core.package_identification:_identify(esp32_firmware/Projects/test) by extension 'ignore_ament_install'
[0.262s] Level 1:colcon.colcon_core.package_identification:_identify(esp32_firmware/Projects/test) by extensions ['colcon_pkg']
[0.262s] Level 1:colcon.colcon_core.package_identification:_identify(esp32_firmware/Projects/test) by extension 'colcon_pkg'
[0.262s] Level 1:colcon.colcon_core.package_identification:_identify(esp32_firmware/Projects/test) by extensions ['colcon_meta']
[0.262s] Level 1:colcon.colcon_core.package_identification:_identify(esp32_firmware/Projects/test) by extension 'colcon_meta'
[0.262s] Level 1:colcon.colcon_core.package_identification:_identify(esp32_firmware/Projects/test) by extensions ['ros']
[0.262s] Level 1:colcon.colcon_core.package_identification:_identify(esp32_firmware/Projects/test) by extension 'ros'
[0.262s] Level 1:colcon.colcon_core.package_identification:_identify(esp32_firmware/Projects/test) by extensions ['cmake', 'python']
[0.262s] Level 1:colcon.colcon_core.package_identification:_identify(esp32_firmware/Projects/test) by extension 'cmake'
[0.262s] Level 1:colcon.colcon_core.package_identification:_identify(esp32_firmware/Projects/test) by extension 'python'
[0.262s] Level 1:colcon.colcon_core.package_identification:_identify(esp32_firmware/Projects/test) by extensions ['python_setup_py']
[0.262s] Level 1:colcon.colcon_core.package_identification:_identify(esp32_firmware/Projects/test) by extension 'python_setup_py'
[0.262s] Level 1:colcon.colcon_core.package_identification:_identify(esp32_firmware/Projects/test/include) by extensions ['ignore', 'ignore_ament_install']
[0.262s] Level 1:colcon.colcon_core.package_identification:_identify(esp32_firmware/Projects/test/include) by extension 'ignore'
[0.262s] Level 1:colcon.colcon_core.package_identification:_identify(esp32_firmware/Projects/test/include) by extension 'ignore_ament_install'
[0.262s] Level 1:colcon.colcon_core.package_identification:_identify(esp32_firmware/Projects/test/include) by extensions ['colcon_pkg']
[0.262s] Level 1:colcon.colcon_core.package_identification:_identify(esp32_firmware/Projects/test/include) by extension 'colcon_pkg'
[0.262s] Level 1:colcon.colcon_core.package_identification:_identify(esp32_firmware/Projects/test/include) by extensions ['colcon_meta']
[0.262s] Level 1:colcon.colcon_core.package_identification:_identify(esp32_firmware/Projects/test/include) by extension 'colcon_meta'
[0.263s] Level 1:colcon.colcon_core.package_identification:_identify(esp32_firmware/Projects/test/include) by extensions ['ros']
[0.263s] Level 1:colcon.colcon_core.package_identification:_identify(esp32_firmware/Projects/test/include) by extension 'ros'
[0.263s] Level 1:colcon.colcon_core.package_identification:_identify(esp32_firmware/Projects/test/include) by extensions ['cmake', 'python']
[0.263s] Level 1:colcon.colcon_core.package_identification:_identify(esp32_firmware/Projects/test/include) by extension 'cmake'
[0.263s] Level 1:colcon.colcon_core.package_identification:_identify(esp32_firmware/Projects/test/include) by extension 'python'
[0.263s] Level 1:colcon.colcon_core.package_identification:_identify(esp32_firmware/Projects/test/include) by extensions ['python_setup_py']
[0.263s] Level 1:colcon.colcon_core.package_identification:_identify(esp32_firmware/Projects/test/include) by extension 'python_setup_py'
[0.263s] Level 1:colcon.colcon_core.package_identification:_identify(esp32_firmware/Projects/test/lib) by extensions ['ignore', 'ignore_ament_install']
[0.263s] Level 1:colcon.colcon_core.package_identification:_identify(esp32_firmware/Projects/test/lib) by extension 'ignore'
[0.263s] Level 1:colcon.colcon_core.package_identification:_identify(esp32_firmware/Projects/test/lib) by extension 'ignore_ament_install'
[0.263s] Level 1:colcon.colcon_core.package_identification:_identify(esp32_firmware/Projects/test/lib) by extensions ['colcon_pkg']
[0.263s] Level 1:colcon.colcon_core.package_identification:_identify(esp32_firmware/Projects/test/lib) by extension 'colcon_pkg'
[0.263s] Level 1:colcon.colcon_core.package_identification:_identify(esp32_firmware/Projects/test/lib) by extensions ['colcon_meta']
[0.263s] Level 1:colcon.colcon_core.package_identification:_identify(esp32_firmware/Projects/test/lib) by extension 'colcon_meta'
[0.263s] Level 1:colcon.colcon_core.package_identification:_identify(esp32_firmware/Projects/test/lib) by extensions ['ros']
[0.263s] Level 1:colcon.colcon_core.package_identification:_identify(esp32_firmware/Projects/test/lib) by extension 'ros'
[0.263s] Level 1:colcon.colcon_core.package_identification:_identify(esp32_firmware/Projects/test/lib) by extensions ['cmake', 'python']
[0.263s] Level 1:colcon.colcon_core.package_identification:_identify(esp32_firmware/Projects/test/lib) by extension 'cmake'
[0.263s] Level 1:colcon.colcon_core.package_identification:_identify(esp32_firmware/Projects/test/lib) by extension 'python'
[0.264s] Level 1:colcon.colcon_core.package_identification:_identify(esp32_firmware/Projects/test/lib) by extensions ['python_setup_py']
[0.264s] Level 1:colcon.colcon_core.package_identification:_identify(esp32_firmware/Projects/test/lib) by extension 'python_setup_py'
[0.264s] Level 1:colcon.colcon_core.package_identification:_identify(esp32_firmware/Projects/test/src) by extensions ['ignore', 'ignore_ament_install']
[0.264s] Level 1:colcon.colcon_core.package_identification:_identify(esp32_firmware/Projects/test/src) by extension 'ignore'
[0.264s] Level 1:colcon.colcon_core.package_identification:_identify(esp32_firmware/Projects/test/src) by extension 'ignore_ament_install'
[0.264s] Level 1:colcon.colcon_core.package_identification:_identify(esp32_firmware/Projects/test/src) by extensions ['colcon_pkg']
[0.264s] Level 1:colcon.colcon_core.package_identification:_identify(esp32_firmware/Projects/test/src) by extension 'colcon_pkg'
[0.264s] Level 1:colcon.colcon_core.package_identification:_identify(esp32_firmware/Projects/test/src) by extensions ['colcon_meta']
[0.264s] Level 1:colcon.colcon_core.package_identification:_identify(esp32_firmware/Projects/test/src) by extension 'colcon_meta'
[0.264s] Level 1:colcon.colcon_core.package_identification:_identify(esp32_firmware/Projects/test/src) by extensions ['ros']
[0.264s] Level 1:colcon.colcon_core.package_identification:_identify(esp32_firmware/Projects/test/src) by extension 'ros'
[0.264s] Level 1:colcon.colcon_core.package_identification:_identify(esp32_firmware/Projects/test/src) by extensions ['cmake', 'python']
[0.264s] Level 1:colcon.colcon_core.package_identification:_identify(esp32_firmware/Projects/test/src) by extension 'cmake'
[0.264s] Level 1:colcon.colcon_core.package_identification:_identify(esp32_firmware/Projects/test/src) by extension 'python'
[0.264s] Level 1:colcon.colcon_core.package_identification:_identify(esp32_firmware/Projects/test/src) by extensions ['python_setup_py']
[0.264s] Level 1:colcon.colcon_core.package_identification:_identify(esp32_firmware/Projects/test/src) by extension 'python_setup_py'
[0.264s] Level 1:colcon.colcon_core.package_identification:_identify(esp32_firmware/Projects/test/test) by extensions ['ignore', 'ignore_ament_install']
[0.265s] Level 1:colcon.colcon_core.package_identification:_identify(esp32_firmware/Projects/test/test) by extension 'ignore'
[0.265s] Level 1:colcon.colcon_core.package_identification:_identify(esp32_firmware/Projects/test/test) by extension 'ignore_ament_install'
[0.265s] Level 1:colcon.colcon_core.package_identification:_identify(esp32_firmware/Projects/test/test) by extensions ['colcon_pkg']
[0.265s] Level 1:colcon.colcon_core.package_identification:_identify(esp32_firmware/Projects/test/test) by extension 'colcon_pkg'
[0.265s] Level 1:colcon.colcon_core.package_identification:_identify(esp32_firmware/Projects/test/test) by extensions ['colcon_meta']
[0.265s] Level 1:colcon.colcon_core.package_identification:_identify(esp32_firmware/Projects/test/test) by extension 'colcon_meta'
[0.265s] Level 1:colcon.colcon_core.package_identification:_identify(esp32_firmware/Projects/test/test) by extensions ['ros']
[0.265s] Level 1:colcon.colcon_core.package_identification:_identify(esp32_firmware/Projects/test/test) by extension 'ros'
[0.265s] Level 1:colcon.colcon_core.package_identification:_identify(esp32_firmware/Projects/test/test) by extensions ['cmake', 'python']
[0.265s] Level 1:colcon.colcon_core.package_identification:_identify(esp32_firmware/Projects/test/test) by extension 'cmake'
[0.265s] Level 1:colcon.colcon_core.package_identification:_identify(esp32_firmware/Projects/test/test) by extension 'python'
[0.265s] Level 1:colcon.colcon_core.package_identification:_identify(esp32_firmware/Projects/test/test) by extensions ['python_setup_py']
[0.265s] Level 1:colcon.colcon_core.package_identification:_identify(esp32_firmware/Projects/test/test) by extension 'python_setup_py'
[0.265s] Level 1:colcon.colcon_core.package_identification:_identify(install) by extensions ['ignore', 'ignore_ament_install']
[0.265s] Level 1:colcon.colcon_core.package_identification:_identify(install) by extension 'ignore'
[0.265s] Level 1:colcon.colcon_core.package_identification:_identify(install) ignored
[0.265s] Level 1:colcon.colcon_core.package_identification:_identify(log) by extensions ['ignore', 'ignore_ament_install']
[0.266s] Level 1:colcon.colcon_core.package_identification:_identify(log) by extension 'ignore'
[0.266s] Level 1:colcon.colcon_core.package_identification:_identify(log) ignored
[0.266s] Level 1:colcon.colcon_core.package_identification:_identify(ros2_ws) by extensions ['ignore', 'ignore_ament_install']
[0.266s] Level 1:colcon.colcon_core.package_identification:_identify(ros2_ws) by extension 'ignore'
[0.266s] Level 1:colcon.colcon_core.package_identification:_identify(ros2_ws) by extension 'ignore_ament_install'
[0.266s] Level 1:colcon.colcon_core.package_identification:_identify(ros2_ws) by extensions ['colcon_pkg']
[0.266s] Level 1:colcon.colcon_core.package_identification:_identify(ros2_ws) by extension 'colcon_pkg'
[0.266s] Level 1:colcon.colcon_core.package_identification:_identify(ros2_ws) by extensions ['colcon_meta']
[0.266s] Level 1:colcon.colcon_core.package_identification:_identify(ros2_ws) by extension 'colcon_meta'
[0.266s] Level 1:colcon.colcon_core.package_identification:_identify(ros2_ws) by extensions ['ros']
[0.266s] Level 1:colcon.colcon_core.package_identification:_identify(ros2_ws) by extension 'ros'
[0.272s] DEBUG:colcon.colcon_core.package_identification:Package 'ros2_ws' with type 'ros.ament_cmake' and name 'tai_robot_one'
[0.272s] Level 1:colcon.colcon_core.package_discovery:discover_packages(recursive) using defaults
[0.272s] Level 1:colcon.colcon_core.package_discovery:discover_packages(ignore) discover
[0.272s] Level 1:colcon.colcon_core.package_discovery:discover_packages(ignore) using defaults
[0.272s] Level 1:colcon.colcon_core.package_discovery:discover_packages(path) discover
[0.272s] Level 1:colcon.colcon_core.package_discovery:discover_packages(path) using defaults
[0.298s] Level 1:colcon.colcon_core.package_discovery:discover_packages(prefix_path) check parameters
[0.298s] Level 1:colcon.colcon_core.package_discovery:discover_packages(prefix_path) discover
[0.299s] WARNING:colcon.colcon_core.prefix_path.colcon:The path '/home/admin/ros2_ws/install' in the environment variable COLCON_PREFIX_PATH doesn't exist
[0.299s] WARNING:colcon.colcon_ros.prefix_path.ament:The path '/home/admin/ros2_ws/install/tai_robot_one' in the environment variable AMENT_PREFIX_PATH doesn't exist
[0.299s] WARNING:colcon.colcon_ros.prefix_path.ament:The path '/home/admin/ros2_ws/install/astra_camera' in the environment variable AMENT_PREFIX_PATH doesn't exist
[0.299s] WARNING:colcon.colcon_ros.prefix_path.ament:The path '/home/admin/ros2_ws/install/astra_camera_msgs' in the environment variable AMENT_PREFIX_PATH doesn't exist
[0.299s] WARNING:colcon.colcon_ros.prefix_path.catkin:The path '/home/admin/ros2_ws/install/tai_robot_one' in the environment variable CMAKE_PREFIX_PATH doesn't exist
[0.299s] WARNING:colcon.colcon_ros.prefix_path.catkin:The path '/home/admin/ros2_ws/install/astra_camera' in the environment variable CMAKE_PREFIX_PATH doesn't exist
[0.299s] WARNING:colcon.colcon_ros.prefix_path.catkin:The path '/home/admin/ros2_ws/install/astra_camera_msgs' in the environment variable CMAKE_PREFIX_PATH doesn't exist
[0.301s] DEBUG:colcon.colcon_installed_package_information.package_discovery:Found 205 installed packages in /opt/ros/jazzy
[0.302s] Level 1:colcon.colcon_core.package_discovery:discover_packages(prefix_path) using defaults
[0.345s] Level 5:colcon.colcon_core.verb:set package 'tai_robot_one' build argument 'cmake_args' from command line to 'None'
[0.345s] Level 5:colcon.colcon_core.verb:set package 'tai_robot_one' build argument 'cmake_target' from command line to 'None'
[0.345s] Level 5:colcon.colcon_core.verb:set package 'tai_robot_one' build argument 'cmake_target_skip_unavailable' from command line to 'False'
[0.345s] Level 5:colcon.colcon_core.verb:set package 'tai_robot_one' build argument 'cmake_clean_cache' from command line to 'False'
[0.345s] Level 5:colcon.colcon_core.verb:set package 'tai_robot_one' build argument 'cmake_clean_first' from command line to 'False'
[0.345s] Level 5:colcon.colcon_core.verb:set package 'tai_robot_one' build argument 'cmake_force_configure' from command line to 'False'
[0.345s] Level 5:colcon.colcon_core.verb:set package 'tai_robot_one' build argument 'ament_cmake_args' from command line to 'None'
[0.345s] Level 5:colcon.colcon_core.verb:set package 'tai_robot_one' build argument 'catkin_cmake_args' from command line to 'None'
[0.345s] Level 5:colcon.colcon_core.verb:set package 'tai_robot_one' build argument 'catkin_skip_building_tests' from command line to 'False'
[0.345s] DEBUG:colcon.colcon_core.verb:Building package 'tai_robot_one' with the following arguments: {'ament_cmake_args': None, 'build_base': '/home/admin/tai_robot_one/build/tai_robot_one', 'catkin_cmake_args': None, 'catkin_skip_building_tests': False, 'cmake_args': None, 'cmake_clean_cache': False, 'cmake_clean_first': False, 'cmake_force_configure': False, 'cmake_target': None, 'cmake_target_skip_unavailable': False, 'install_base': '/home/admin/tai_robot_one/install/tai_robot_one', 'merge_install': False, 'path': '/home/admin/tai_robot_one/ros2_ws', 'symlink_install': True, 'test_result_base': None}
[0.346s] INFO:colcon.colcon_core.executor:Executing jobs using 'parallel' executor
[0.347s] DEBUG:colcon.colcon_parallel_executor.executor.parallel:run_until_complete
[0.347s] INFO:colcon.colcon_ros.task.ament_cmake.build:Building ROS package in '/home/admin/tai_robot_one/ros2_ws' with build type 'ament_cmake'
[0.347s] INFO:colcon.colcon_cmake.task.cmake.build:Building CMake package in '/home/admin/tai_robot_one/ros2_ws'
[0.350s] INFO:colcon.colcon_core.plugin_system:Skipping extension 'colcon_core.shell.bat': Not used on non-Windows systems
[0.350s] INFO:colcon.colcon_core.shell:Skip shell extension 'powershell' for command environment: Not usable outside of PowerShell
[0.350s] DEBUG:colcon.colcon_core.shell:Skip shell extension 'dsv' for command environment
[0.360s] DEBUG:colcon.colcon_core.event_handler.log_command:Invoking command in '/home/admin/tai_robot_one/build/tai_robot_one': CMAKE_PREFIX_PATH=${CMAKE_PREFIX_PATH}:/opt/ros/jazzy /usr/bin/cmake /home/admin/tai_robot_one/ros2_ws -DAMENT_CMAKE_SYMLINK_INSTALL=1 -DCMAKE_INSTALL_PREFIX=/home/admin/tai_robot_one/install/tai_robot_one
[2.030s] DEBUG:colcon.colcon_core.event_handler.log_command:Invoked command in '/home/admin/tai_robot_one/build/tai_robot_one' returned '0': CMAKE_PREFIX_PATH=${CMAKE_PREFIX_PATH}:/opt/ros/jazzy /usr/bin/cmake /home/admin/tai_robot_one/ros2_ws -DAMENT_CMAKE_SYMLINK_INSTALL=1 -DCMAKE_INSTALL_PREFIX=/home/admin/tai_robot_one/install/tai_robot_one
[2.032s] DEBUG:colcon.colcon_core.event_handler.log_command:Invoking command in '/home/admin/tai_robot_one/build/tai_robot_one': CMAKE_PREFIX_PATH=${CMAKE_PREFIX_PATH}:/opt/ros/jazzy /usr/bin/cmake --build /home/admin/tai_robot_one/build/tai_robot_one -- -j4 -l4
[2.099s] DEBUG:colcon.colcon_core.event_handler.log_command:Invoked command in '/home/admin/tai_robot_one/build/tai_robot_one' returned '0': CMAKE_PREFIX_PATH=${CMAKE_PREFIX_PATH}:/opt/ros/jazzy /usr/bin/cmake --build /home/admin/tai_robot_one/build/tai_robot_one -- -j4 -l4
[2.116s] DEBUG:colcon.colcon_core.event_handler.log_command:Invoking command in '/home/admin/tai_robot_one/build/tai_robot_one': CMAKE_PREFIX_PATH=${CMAKE_PREFIX_PATH}:/opt/ros/jazzy /usr/bin/cmake --install /home/admin/tai_robot_one/build/tai_robot_one
[2.437s] Level 1:colcon.colcon_core.environment:create_environment_scripts_only(tai_robot_one)
[2.437s] DEBUG:colcon.colcon_core.event_handler.log_command:Invoked command in '/home/admin/tai_robot_one/build/tai_robot_one' returned '0': CMAKE_PREFIX_PATH=${CMAKE_PREFIX_PATH}:/opt/ros/jazzy /usr/bin/cmake --install /home/admin/tai_robot_one/build/tai_robot_one
[2.440s] Level 1:colcon.colcon_core.environment:checking '/home/admin/tai_robot_one/install/tai_robot_one' for CMake module files
[2.441s] Level 1:colcon.colcon_core.environment:checking '/home/admin/tai_robot_one/install/tai_robot_one' for CMake config files
[2.441s] Level 1:colcon.colcon_core.shell:create_environment_hook('tai_robot_one', 'cmake_prefix_path')
[2.441s] INFO:colcon.colcon_core.shell:Creating environment hook '/home/admin/tai_robot_one/install/tai_robot_one/share/tai_robot_one/hook/cmake_prefix_path.ps1'
[2.442s] INFO:colcon.colcon_core.shell:Creating environment descriptor '/home/admin/tai_robot_one/install/tai_robot_one/share/tai_robot_one/hook/cmake_prefix_path.dsv'
[2.442s] INFO:colcon.colcon_core.shell:Creating environment hook '/home/admin/tai_robot_one/install/tai_robot_one/share/tai_robot_one/hook/cmake_prefix_path.sh'
[2.443s] Level 1:colcon.colcon_core.environment:checking '/home/admin/tai_robot_one/install/tai_robot_one/bin'
[2.444s] Level 1:colcon.colcon_core.environment:checking '/home/admin/tai_robot_one/install/tai_robot_one/lib/pkgconfig/tai_robot_one.pc'
[2.444s] Level 1:colcon.colcon_core.environment:checking '/home/admin/tai_robot_one/install/tai_robot_one/lib/python3.12/site-packages'
[2.444s] Level 1:colcon.colcon_core.environment:checking '/home/admin/tai_robot_one/install/tai_robot_one/bin'
[2.445s] INFO:colcon.colcon_core.shell:Creating package script '/home/admin/tai_robot_one/install/tai_robot_one/share/tai_robot_one/package.ps1'
[2.446s] INFO:colcon.colcon_core.shell:Creating package descriptor '/home/admin/tai_robot_one/install/tai_robot_one/share/tai_robot_one/package.dsv'
[2.446s] INFO:colcon.colcon_core.shell:Creating package script '/home/admin/tai_robot_one/install/tai_robot_one/share/tai_robot_one/package.sh'
[2.447s] INFO:colcon.colcon_core.shell:Creating package script '/home/admin/tai_robot_one/install/tai_robot_one/share/tai_robot_one/package.bash'
[2.448s] INFO:colcon.colcon_core.shell:Creating package script '/home/admin/tai_robot_one/install/tai_robot_one/share/tai_robot_one/package.zsh'
[2.448s] Level 1:colcon.colcon_core.environment:create_file_with_runtime_dependencies(/home/admin/tai_robot_one/install/tai_robot_one/share/colcon-core/packages/tai_robot_one)
[2.449s] Level 1:colcon.colcon_core.environment:create_environment_scripts_only(tai_robot_one)
[2.449s] Level 1:colcon.colcon_core.environment:checking '/home/admin/tai_robot_one/install/tai_robot_one' for CMake module files
[2.450s] Level 1:colcon.colcon_core.environment:checking '/home/admin/tai_robot_one/install/tai_robot_one' for CMake config files
[2.450s] Level 1:colcon.colcon_core.shell:create_environment_hook('tai_robot_one', 'cmake_prefix_path')
[2.451s] INFO:colcon.colcon_core.shell:Creating environment hook '/home/admin/tai_robot_one/install/tai_robot_one/share/tai_robot_one/hook/cmake_prefix_path.ps1'
[2.451s] INFO:colcon.colcon_core.shell:Creating environment descriptor '/home/admin/tai_robot_one/install/tai_robot_one/share/tai_robot_one/hook/cmake_prefix_path.dsv'
[2.452s] INFO:colcon.colcon_core.shell:Creating environment hook '/home/admin/tai_robot_one/install/tai_robot_one/share/tai_robot_one/hook/cmake_prefix_path.sh'
[2.452s] Level 1:colcon.colcon_core.environment:checking '/home/admin/tai_robot_one/install/tai_robot_one/bin'
[2.452s] Level 1:colcon.colcon_core.environment:checking '/home/admin/tai_robot_one/install/tai_robot_one/lib/pkgconfig/tai_robot_one.pc'
[2.453s] Level 1:colcon.colcon_core.environment:checking '/home/admin/tai_robot_one/install/tai_robot_one/lib/python3.12/site-packages'
[2.453s] Level 1:colcon.colcon_core.environment:checking '/home/admin/tai_robot_one/install/tai_robot_one/bin'
[2.454s] INFO:colcon.colcon_core.shell:Creating package script '/home/admin/tai_robot_one/install/tai_robot_one/share/tai_robot_one/package.ps1'
[2.456s] INFO:colcon.colcon_core.shell:Creating package descriptor '/home/admin/tai_robot_one/install/tai_robot_one/share/tai_robot_one/package.dsv'
[2.457s] INFO:colcon.colcon_core.shell:Creating package script '/home/admin/tai_robot_one/install/tai_robot_one/share/tai_robot_one/package.sh'
[2.458s] INFO:colcon.colcon_core.shell:Creating package script '/home/admin/tai_robot_one/install/tai_robot_one/share/tai_robot_one/package.bash'
[2.458s] INFO:colcon.colcon_core.shell:Creating package script '/home/admin/tai_robot_one/install/tai_robot_one/share/tai_robot_one/package.zsh'
[2.459s] Level 1:colcon.colcon_core.environment:create_file_with_runtime_dependencies(/home/admin/tai_robot_one/install/tai_robot_one/share/colcon-core/packages/tai_robot_one)
[2.459s] DEBUG:colcon.colcon_parallel_executor.executor.parallel:closing loop
[2.460s] DEBUG:colcon.colcon_parallel_executor.executor.parallel:loop closed
[2.460s] DEBUG:colcon.colcon_parallel_executor.executor.parallel:run_until_complete finished with '0'
[2.460s] DEBUG:colcon.colcon_core.event_reactor:joining thread
[2.461s] DEBUG:colcon.colcon_core.event_reactor:joined thread
[2.461s] INFO:colcon.colcon_core.shell:Creating prefix script '/home/admin/tai_robot_one/install/local_setup.ps1'
[2.462s] INFO:colcon.colcon_core.shell:Creating prefix util module '/home/admin/tai_robot_one/install/_local_setup_util_ps1.py'
[2.464s] INFO:colcon.colcon_core.shell:Creating prefix chain script '/home/admin/tai_robot_one/install/setup.ps1'
[2.466s] INFO:colcon.colcon_core.shell:Creating prefix script '/home/admin/tai_robot_one/install/local_setup.sh'
[2.466s] INFO:colcon.colcon_core.shell:Creating prefix util module '/home/admin/tai_robot_one/install/_local_setup_util_sh.py'
[2.468s] INFO:colcon.colcon_core.shell:Creating prefix chain script '/home/admin/tai_robot_one/install/setup.sh'
[2.470s] INFO:colcon.colcon_core.shell:Creating prefix script '/home/admin/tai_robot_one/install/local_setup.bash'
[2.470s] INFO:colcon.colcon_core.shell:Creating prefix chain script '/home/admin/tai_robot_one/install/setup.bash'
[2.472s] INFO:colcon.colcon_core.shell:Creating prefix script '/home/admin/tai_robot_one/install/local_setup.zsh'
[2.472s] INFO:colcon.colcon_core.shell:Creating prefix chain script '/home/admin/tai_robot_one/install/setup.zsh'
