-- The C compiler identification is GNU 13.3.0
-- The CXX compiler identification is GNU 13.3.0
-- Detecting C compiler ABI info
-- Detecting C compiler ABI info - done
-- Check for working C compiler: /usr/bin/cc - skipped
-- Detecting C compile features
-- Detecting C compile features - done
-- Detecting CXX compiler ABI info
-- Detecting CXX compiler ABI info - done
-- Check for working CXX compiler: /usr/bin/c++ - skipped
-- Detecting CXX compile features
-- Detecting CXX compile features - done
-- Found ament_cmake: 2.5.6 (/opt/ros/jazzy/share/ament_cmake/cmake)
-- Found Python3: /usr/bin/python3 (found version "3.12.3") found components: Interpreter 
-- Override CMake install command with custom implementation using symlinks instead of copying resources
-- Found ament_lint_auto: 0.17.5 (/opt/ros/jazzy/share/ament_lint_auto/cmake)
-- Added test 'copyright' to check source files copyright and LICENSE
-- Added test 'cppcheck' to perform static code analysis on C / C++ code
-- Configured cppcheck include dirs: 
-- Configured cppcheck exclude dirs and/or files: 
-- Added test 'cpplint' to check C / C++ code against the Google style
-- Configured cpplint exclude dirs and/or files: 
-- Added test 'flake8' to check Python code syntax and style conventions
-- Configured 'flake8' exclude dirs and/or files: 
-- Added test 'lint_cmake' to check CMake code style
-- Added test 'pep257' to check Python code against some of the docstring style conventions in PEP 257
-- Added test 'uncrustify' to check C / C++ code style
-- Configured uncrustify additional arguments: 
-- Added test 'xmllint' to check XML markup files
-- Configuring done (1.6s)
-- Generating done (0.0s)
-- Build files have been written to: /home/admin/tai_robot_one/build/tai_robot_one
-- Install configuration: ""
-- Execute custom install script
-- Symlinking: /home/admin/tai_robot_one/install/tai_robot_one/share/tai_robot_one/config/empty.yaml
-- Symlinking: /home/admin/tai_robot_one/install/tai_robot_one/share/tai_robot_one/description/robot.urdf.xacro
-- Symlinking: /home/admin/tai_robot_one/install/tai_robot_one/share/tai_robot_one/launch/rsp.launch.py
-- Symlinking: /home/admin/tai_robot_one/install/tai_robot_one/share/tai_robot_one/worlds/empty.world
-- Symlinking: /home/admin/tai_robot_one/install/tai_robot_one/share/ament_index/resource_index/package_run_dependencies/tai_robot_one
-- Symlinking: /home/admin/tai_robot_one/install/tai_robot_one/share/ament_index/resource_index/parent_prefix_path/tai_robot_one
-- Symlinking: /home/admin/tai_robot_one/install/tai_robot_one/share/tai_robot_one/environment/ament_prefix_path.sh
-- Symlinking: /home/admin/tai_robot_one/install/tai_robot_one/share/tai_robot_one/environment/ament_prefix_path.dsv
-- Symlinking: /home/admin/tai_robot_one/install/tai_robot_one/share/tai_robot_one/environment/path.sh
-- Symlinking: /home/admin/tai_robot_one/install/tai_robot_one/share/tai_robot_one/environment/path.dsv
-- Symlinking: /home/admin/tai_robot_one/install/tai_robot_one/share/tai_robot_one/local_setup.bash
-- Symlinking: /home/admin/tai_robot_one/install/tai_robot_one/share/tai_robot_one/local_setup.sh
-- Symlinking: /home/admin/tai_robot_one/install/tai_robot_one/share/tai_robot_one/local_setup.zsh
-- Symlinking: /home/admin/tai_robot_one/install/tai_robot_one/share/tai_robot_one/local_setup.dsv
-- Symlinking: /home/admin/tai_robot_one/install/tai_robot_one/share/tai_robot_one/package.dsv
-- Symlinking: /home/admin/tai_robot_one/install/tai_robot_one/share/ament_index/resource_index/packages/tai_robot_one
-- Symlinking: /home/admin/tai_robot_one/install/tai_robot_one/share/tai_robot_one/cmake/tai_robot_oneConfig.cmake
-- Symlinking: /home/admin/tai_robot_one/install/tai_robot_one/share/tai_robot_one/cmake/tai_robot_oneConfig-version.cmake
-- Symlinking: /home/admin/tai_robot_one/install/tai_robot_one/share/tai_robot_one/package.xml
